UART-Notify/app/build/outputs/logs/manifest-merger-debug-report.txt
-- Merging decision tree log ---
manifest
ADDED from src/main/AndroidManifest.xml:3:1-38:12
	package
		ADDED from src/main/AndroidManifest.xml:4:5-38
		INJECTED from src/main/AndroidManifest.xml
		INJECTED from src/main/AndroidManifest.xml
	xmlns:android
		ADDED from src/main/AndroidManifest.xml:3:11-69
uses-permission#android.permission.BLUETOOTH
ADDED from src/main/AndroidManifest.xml:6:5-68
	android:name
		ADDED from src/main/AndroidManifest.xml:6:22-65
uses-permission#android.permission.BLUETOOTH_ADMIN
ADDED from src/main/AndroidManifest.xml:7:5-74
	android:name
		ADDED from src/main/AndroidManifest.xml:7:22-71
application
ADDED from src/main/AndroidManifest.xml:9:5-36:19
MERGED from [com.android.support:support-v4:23.0.0] AndroidManifest.xml:22:5-20
MERGED from [com.google.android.gms:play-services-appindexing:8.1.0] AndroidManifest.xml:19:5-20
MERGED from [com.google.android.gms:play-services-basement:8.1.0] AndroidManifest.xml:20:5-24:19
MERGED from [com.android.support:support-v4:23.0.0] AndroidManifest.xml:22:5-20
	android:label
		ADDED from src/main/AndroidManifest.xml:10:9-41
	android:icon
		ADDED from src/main/AndroidManifest.xml:12:9-38
	android:theme
		ADDED from src/main/AndroidManifest.xml:11:9-50
activity#click.dummer.UartNotify.MainActivity
ADDED from src/main/AndroidManifest.xml:14:9-24:20
	android:label
		ADDED from src/main/AndroidManifest.xml:16:13-45
	android:windowSoftInputMode
		ADDED from src/main/AndroidManifest.xml:17:13-54
	android:configChanges
		ADDED from src/main/AndroidManifest.xml:18:13-74
	android:name
		ADDED from src/main/AndroidManifest.xml:15:13-64
intent-filter#android.intent.action.MAIN+android.intent.category.LAUNCHER
ADDED from src/main/AndroidManifest.xml:19:13-23:29
action#android.intent.action.MAIN
ADDED from src/main/AndroidManifest.xml:20:17-69
	android:name
		ADDED from src/main/AndroidManifest.xml:20:25-66
category#android.intent.category.LAUNCHER
ADDED from src/main/AndroidManifest.xml:22:17-77
	android:name
		ADDED from src/main/AndroidManifest.xml:22:27-74
service#click.dummer.UartNotify.UartService
ADDED from src/main/AndroidManifest.xml:26:9-94
	android:enabled
		ADDED from src/main/AndroidManifest.xml:26:18-40
	android:name
		ADDED from src/main/AndroidManifest.xml:26:41-91
service#click.dummer.UartNotify.NotificationService
ADDED from src/main/AndroidManifest.xml:28:9-34:19
	android:label
		ADDED from src/main/AndroidManifest.xml:29:13-45
	android:permission
		ADDED from src/main/AndroidManifest.xml:30:13-87
	android:name
		ADDED from src/main/AndroidManifest.xml:28:18-76
intent-filter#android.service.notification.NotificationListenerService
ADDED from src/main/AndroidManifest.xml:31:13-33:29
action#android.service.notification.NotificationListenerService
ADDED from src/main/AndroidManifest.xml:32:17-99
	android:name
		ADDED from src/main/AndroidManifest.xml:32:25-96
uses-sdk
INJECTED from src/main/AndroidManifest.xml reason: use-sdk injection requested
MERGED from [com.android.support:support-v4:23.0.0] AndroidManifest.xml:20:5-43
MERGED from [com.google.android.gms:play-services-appindexing:8.1.0] AndroidManifest.xml:18:5-42
MERGED from [com.google.android.gms:play-services-basement:8.1.0] AndroidManifest.xml:18:5-42
MERGED from [com.android.support:support-v4:23.0.0] AndroidManifest.xml:20:5-43
	android:targetSdkVersion
		INJECTED from src/main/AndroidManifest.xml
		INJECTED from src/main/AndroidManifest.xml
	android:minSdkVersion
		INJECTED from src/main/AndroidManifest.xml
		INJECTED from src/main/AndroidManifest.xml
meta-data#com.google.android.gms.version
ADDED from [com.google.android.gms:play-services-basement:8.1.0] AndroidManifest.xml:21:9-23:69
	android:value
		ADDED from [com.google.android.gms:play-services-basement:8.1.0] AndroidManifest.xml:23:13-66
	android:name
		ADDED from [com.google.android.gms:play-services-basement:8.1.0] AndroidManifest.xml:22:13-58